<?xml version="1.0" encoding="UTF-8"?>
<testng-results ignored="1" total="2" passed="1" failed="0" skipped="0">
  <reporter-output>
  </reporter-output>
  <suite started-at="2024-04-25T21:44:30 EET" name="Default suite" finished-at="2024-04-25T21:44:42 EET" duration-ms="11553">
    <groups>
    </groups>
    <test started-at="2024-04-25T21:44:30 EET" name="Default test" finished-at="2024-04-25T21:44:42 EET" duration-ms="11553">
      <class name="test">
        <test-method is-config="true" signature="sutup()[pri:0, instance:test@89ff02e]" started-at="2024-04-25T21:44:30 EET" name="sutup" finished-at="2024-04-25T21:44:32 EET" duration-ms="1610" status="PASS">
          <reporter-output>
          </reporter-output>
        </test-method> <!-- sutup -->
        <test-method signature="bankManagerLogin()[pri:0, instance:test@89ff02e]" started-at="2024-04-25T21:44:32 EET" name="bankManagerLogin" finished-at="2024-04-25T21:44:42 EET" duration-ms="9819" status="PASS">
          <reporter-output>
          </reporter-output>
        </test-method> <!-- bankManagerLogin -->
        <test-method is-config="true" signature="enftest()[pri:0, instance:test@89ff02e]" started-at="2024-04-25T21:44:42 EET" name="enftest" finished-at="2024-04-25T21:44:42 EET" duration-ms="0" status="PASS">
          <reporter-output>
          </reporter-output>
        </test-method> <!-- enftest -->
      </class> <!-- test -->
    </test> <!-- Default test -->
  </suite> <!-- Default suite -->
</testng-results>
